        -:    0:Source:dominion.c
        -:    0:Graph:dominion.gcno
        -:    0:Data:dominion.gcda
        -:    0:Runs:38
        -:    0:Programs:38
        -:    1:#include "dominion.h"
        -:    2:#include "dominion_helpers.h"
        -:    3:#include "rngs.h"
        -:    4:#include <stdio.h>
        -:    5:#include <math.h>
        -:    6:#include <stdlib.h>
        -:    7:
     2300:    8:int compare(const void* a, const void* b) {
     2300:    9:  if (*(int*)a > *(int*)b)
      180:   10:    return 1;
     2120:   11:  if (*(int*)a < *(int*)b)
      504:   12:    return -1;
     1616:   13:  return 0;
        -:   14:}
        -:   15:
    #####:   16:struct gameState* newGame() {
    #####:   17:  struct gameState* g = malloc(sizeof(struct gameState));
    #####:   18:  return g;
        -:   19:}
        -:   20:
    #####:   21:int* kingdomCards(int k1, int k2, int k3, int k4, int k5, int k6, int k7,
        -:   22:		  int k8, int k9, int k10) {
    #####:   23:  int* k = malloc(10 * sizeof(int));
    #####:   24:  k[0] = k1;
    #####:   25:  k[1] = k2;
    #####:   26:  k[2] = k3;
    #####:   27:  k[3] = k4;
    #####:   28:  k[4] = k5;
    #####:   29:  k[5] = k6;
    #####:   30:  k[6] = k7;
    #####:   31:  k[7] = k8;
    #####:   32:  k[8] = k9;
    #####:   33:  k[9] = k10;
    #####:   34:  return k;
        -:   35:}
        -:   36:
       38:   37:int initializeGame(int numPlayers, int kingdomCards[10], int randomSeed,
        -:   38:		   struct gameState *state) {
        -:   39:
        -:   40:  int i;
        -:   41:  int j;
        -:   42:  int it;			
        -:   43:  //set up random number generator
       38:   44:  SelectStream(1);
       38:   45:  PutSeed((long)randomSeed);
        -:   46:  
        -:   47:  //check number of players
       38:   48:  if (numPlayers > MAX_PLAYERS || numPlayers < 2)
        -:   49:    {
    #####:   50:      return -1;
        -:   51:    }
        -:   52:
        -:   53:  //set number of players
       38:   54:  state->numPlayers = numPlayers;
        -:   55:
        -:   56:  //check selected kingdom cards are different
      418:   57:  for (i = 0; i < 10; i++)
        -:   58:    {
     4180:   59:      for (j = 0; j < 10; j++)
        -:   60:        {
     3800:   61:	  if (j != i && kingdomCards[j] == kingdomCards[i])
        -:   62:	    {
    #####:   63:	      return -1;
        -:   64:	    }
        -:   65:        }
        -:   66:    }
        -:   67:
        -:   68:
        -:   69:  //initialize supply
        -:   70:  ///////////////////////////////
        -:   71:
        -:   72:  //set number of Curse cards
       38:   73:  if (numPlayers == 2)
        -:   74:    {
       18:   75:      state->supplyCount[curse] = 10;
        -:   76:    }
       20:   77:  else if (numPlayers == 3)
        -:   78:    {
       20:   79:      state->supplyCount[curse] = 20;
        -:   80:    }
        -:   81:  else
        -:   82:    {
    #####:   83:      state->supplyCount[curse] = 30;
        -:   84:    }
        -:   85:
        -:   86:  //set number of Victory cards
       38:   87:  if (numPlayers == 2)
        -:   88:    {
       18:   89:      state->supplyCount[estate] = 8;
       18:   90:      state->supplyCount[duchy] = 8;
       18:   91:      state->supplyCount[province] = 8;
        -:   92:    }
        -:   93:  else
        -:   94:    {
       20:   95:      state->supplyCount[estate] = 12;
       20:   96:      state->supplyCount[duchy] = 12;
       20:   97:      state->supplyCount[province] = 12;
        -:   98:    }
        -:   99:
        -:  100:  //set number of Treasure cards
       38:  101:  state->supplyCount[copper] = 60 - (7 * numPlayers);
       38:  102:  state->supplyCount[silver] = 40;
       38:  103:  state->supplyCount[gold] = 30;
        -:  104:
        -:  105:  //set number of Kingdom cards
      798:  106:  for (i = adventurer; i <= treasure_map; i++)       	//loop all cards
        -:  107:    {
     7296:  108:      for (j = 0; j < 10; j++)           		//loop chosen cards
        -:  109:	{
     6802:  110:	  if (kingdomCards[j] == i)
        -:  111:	    {
        -:  112:	      //check if card is a 'Victory' Kingdom card
      266:  113:	      if (kingdomCards[j] == great_hall || kingdomCards[j] == gardens)
        -:  114:		{
       76:  115:		  if (numPlayers == 2){ 
       18:  116:		    state->supplyCount[i] = 8; 
        -:  117:		  }
       20:  118:		  else{ state->supplyCount[i] = 12; }
        -:  119:		}
        -:  120:	      else
        -:  121:		{
      228:  122:		  state->supplyCount[i] = 10;
        -:  123:		}
      266:  124:	      break;
        -:  125:	    }
        -:  126:	  else    //card is not in the set choosen for the game
        -:  127:	    {
     6536:  128:	      state->supplyCount[i] = -1;
        -:  129:	    }
        -:  130:	}
        -:  131:
        -:  132:    }
        -:  133:
        -:  134:  ////////////////////////
        -:  135:  //supply intilization complete
        -:  136:
        -:  137:  //set player decks
      134:  138:  for (i = 0; i < numPlayers; i++)
        -:  139:    {
       96:  140:      state->deckCount[i] = 0;
      384:  141:      for (j = 0; j < 3; j++)
        -:  142:	{
      288:  143:	  state->deck[i][j] = estate;
      288:  144:	  state->deckCount[i]++;
        -:  145:	}
      768:  146:      for (j = 3; j < 10; j++)
        -:  147:	{
      672:  148:	  state->deck[i][j] = copper;
      672:  149:	  state->deckCount[i]++;		
        -:  150:	}
        -:  151:    }
        -:  152:
        -:  153:  //shuffle player decks
      134:  154:  for (i = 0; i < numPlayers; i++)
        -:  155:    {
       96:  156:      if ( shuffle(i, state) < 0 )
        -:  157:	{
    #####:  158:	  return -1;
        -:  159:	}
        -:  160:    }
        -:  161:
        -:  162:  //draw player hands
      134:  163:  for (i = 0; i < numPlayers; i++)
        -:  164:    {  
        -:  165:      //initialize hand size to zero
       96:  166:      state->handCount[i] = 0;
       96:  167:      state->discardCount[i] = 0;
        -:  168:      //draw 5 cards
        -:  169:      // for (j = 0; j < 5; j++)
        -:  170:      //	{
        -:  171:      //	  drawCard(i, state);
        -:  172:      //	}
        -:  173:    }
        -:  174:  
        -:  175:  //set embargo tokens to 0 for all supply piles
     1064:  176:  for (i = 0; i <= treasure_map; i++)
        -:  177:    {
     1026:  178:      state->embargoTokens[i] = 0;
        -:  179:    }
        -:  180:
        -:  181:  //initialize first player's turn
       38:  182:  state->outpostPlayed = 0;
       38:  183:  state->phase = 0;
       38:  184:  state->numActions = 1;
       38:  185:  state->numBuys = 1;
       38:  186:  state->playedCardCount = 0;
       38:  187:  state->whoseTurn = 0;
       38:  188:  state->handCount[state->whoseTurn] = 0;
        -:  189:  //int it; move to top
        -:  190:
        -:  191:  //Moved draw cards to here, only drawing at the start of a turn
      228:  192:  for (it = 0; it < 5; it++){
      190:  193:    drawCard(state->whoseTurn, state);
        -:  194:  }
        -:  195:
       38:  196:  updateCoins(state->whoseTurn, state, 0);
        -:  197:
       38:  198:  return 0;
        -:  199:}
        -:  200:
      156:  201:int shuffle(int player, struct gameState *state) {
        -:  202: 
        -:  203:
        -:  204:  int newDeck[MAX_DECK];
      156:  205:  int newDeckPos = 0;
        -:  206:  int card;
        -:  207:  int i;
        -:  208:
      156:  209:  if (state->deckCount[player] < 1)
    #####:  210:    return -1;
      156:  211:  qsort ((void*)(state->deck[player]), state->deckCount[player], sizeof(int), compare); 
        -:  212:  /* SORT CARDS IN DECK TO ENSURE DETERMINISM! */
        -:  213:
     1772:  214:  while (state->deckCount[player] > 0) {
     1460:  215:    card = floor(Random() * state->deckCount[player]);
     1460:  216:    newDeck[newDeckPos] = state->deck[player][card];
     1460:  217:    newDeckPos++;
     4720:  218:    for (i = card; i < state->deckCount[player]-1; i++) {
     3260:  219:      state->deck[player][i] = state->deck[player][i+1];
        -:  220:    }
     1460:  221:    state->deckCount[player]--;
        -:  222:  }
     1616:  223:  for (i = 0; i < newDeckPos; i++) {
     1460:  224:    state->deck[player][i] = newDeck[i];
     1460:  225:    state->deckCount[player]++;
        -:  226:  }
        -:  227:
      156:  228:  return 0;
        -:  229:}
        -:  230:
    #####:  231:int playCard(int handPos, int choice1, int choice2, int choice3, struct gameState *state) 
        -:  232:{	
        -:  233:  int card;
    #####:  234:  int coin_bonus = 0; 		//tracks coins gain from actions
        -:  235:
        -:  236:  //check if it is the right phase
    #####:  237:  if (state->phase != 0)
        -:  238:    {
    #####:  239:      return -1;
        -:  240:    }
        -:  241:	
        -:  242:  //check if player has enough actions
    #####:  243:  if ( state->numActions < 1 )
        -:  244:    {
    #####:  245:      return -1;
        -:  246:    }
        -:  247:	
        -:  248:  //get card played
    #####:  249:  card = handCard(handPos, state);
        -:  250:	
        -:  251:  //check if selected card is an action
    #####:  252:  if ( card < adventurer || card > treasure_map )
        -:  253:    {
    #####:  254:      return -1;
        -:  255:    }
        -:  256:	
        -:  257:  //play card
    #####:  258:  if ( cardEffect(card, choice1, choice2, choice3, state, handPos, &coin_bonus) < 0 )
        -:  259:    {
    #####:  260:      return -1;
        -:  261:    }
        -:  262:	
        -:  263:  //reduce number of actions
    #####:  264:  state->numActions--;
        -:  265:
        -:  266:  //update coins (Treasure cards may be added with card draws)
    #####:  267:  updateCoins(state->whoseTurn, state, coin_bonus);
        -:  268:	
    #####:  269:  return 0;
        -:  270:}
        -:  271:
    #####:  272:int buyCard(int supplyPos, struct gameState *state) {
        -:  273:  int who;
        -:  274:  if (DEBUG){
        -:  275:    printf("Entering buyCard...\n");
        -:  276:  }
        -:  277:
        -:  278:  // I don't know what to do about the phase thing.
        -:  279:
    #####:  280:  who = state->whoseTurn;
        -:  281:
    #####:  282:  if (state->numBuys < 1){
        -:  283:    if (DEBUG)
        -:  284:      printf("You do not have any buys left\n");
    #####:  285:    return -1;
    #####:  286:  } else if (supplyCount(supplyPos, state) <1){
        -:  287:    if (DEBUG)
        -:  288:      printf("There are not any of that type of card left\n");
    #####:  289:    return -1;
    #####:  290:  } else if (state->coins < getCost(supplyPos)){
        -:  291:    if (DEBUG) 
        -:  292:      printf("You do not have enough money to buy that. You have %d coins.\n", state->coins);
    #####:  293:    return -1;
        -:  294:  } else {
    #####:  295:    state->phase=1;
        -:  296:    //state->supplyCount[supplyPos]--;
    #####:  297:    gainCard(supplyPos, state, 0, who); //card goes in discard, this might be wrong.. (2 means goes into hand, 0 goes into discard)
        -:  298:  
    #####:  299:    state->coins = (state->coins) - (getCost(supplyPos));
    #####:  300:    state->numBuys--;
        -:  301:    if (DEBUG)
        -:  302:      printf("You bought card number %d for %d coins. You now have %d buys and %d coins.\n", supplyPos, getCost(supplyPos), state->numBuys, state->coins);
        -:  303:  }
        -:  304:
        -:  305:  //state->discard[who][state->discardCount[who]] = supplyPos;
        -:  306:  //state->discardCount[who]++;
        -:  307:    
    #####:  308:  return 0;
        -:  309:}
        -:  310:
    #####:  311:int numHandCards(struct gameState *state) {
    #####:  312:  return state->handCount[ whoseTurn(state) ];
        -:  313:}
        -:  314:
    #####:  315:int handCard(int handPos, struct gameState *state) {
    #####:  316:  int currentPlayer = whoseTurn(state);
    #####:  317:  return state->hand[currentPlayer][handPos];
        -:  318:}
        -:  319:
    #####:  320:int supplyCount(int card, struct gameState *state) {
    #####:  321:  return state->supplyCount[card];
        -:  322:}
        -:  323:
    #####:  324:int fullDeckCount(int player, int card, struct gameState *state) {
        -:  325:  int i;
    #####:  326:  int count = 0;
        -:  327:
    #####:  328:  for (i = 0; i < state->deckCount[player]; i++)
        -:  329:    {
    #####:  330:      if (state->deck[player][i] == card) count++;
        -:  331:    }
        -:  332:
    #####:  333:  for (i = 0; i < state->handCount[player]; i++)
        -:  334:    {
    #####:  335:      if (state->hand[player][i] == card) count++;
        -:  336:    }
        -:  337:
    #####:  338:  for (i = 0; i < state->discardCount[player]; i++)
        -:  339:    {
    #####:  340:      if (state->discard[player][i] == card) count++;
        -:  341:    }
        -:  342:
    #####:  343:  return count;
        -:  344:}
        -:  345:
       18:  346:int whoseTurn(struct gameState *state) {
       18:  347:  return state->whoseTurn;
        -:  348:}
        -:  349:
    #####:  350:int endTurn(struct gameState *state) {
        -:  351:  int k;
        -:  352:  int i;
    #####:  353:  int currentPlayer = whoseTurn(state);
        -:  354:  
        -:  355:  //Discard hand
    #####:  356:  for (i = 0; i < state->handCount[currentPlayer]; i++){
    #####:  357:    state->discard[currentPlayer][state->discardCount[currentPlayer]++] = state->hand[currentPlayer][i];//Discard
    #####:  358:    state->hand[currentPlayer][i] = -1;//Set card to -1
        -:  359:  }
    #####:  360:  state->handCount[currentPlayer] = 0;//Reset hand count
        -:  361:    
        -:  362:  //Code for determining the player
    #####:  363:  if (currentPlayer < (state->numPlayers - 1)){ 
    #####:  364:    state->whoseTurn = currentPlayer + 1;//Still safe to increment
        -:  365:  }
        -:  366:  else{
    #####:  367:    state->whoseTurn = 0;//Max player has been reached, loop back around to player 1
        -:  368:  }
        -:  369:
    #####:  370:  state->outpostPlayed = 0;
    #####:  371:  state->phase = 0;
    #####:  372:  state->numActions = 1;
    #####:  373:  state->coins = 0;
    #####:  374:  state->numBuys = 1;
    #####:  375:  state->playedCardCount = 0;
    #####:  376:  state->handCount[state->whoseTurn] = 0;
        -:  377:
        -:  378:  //int k; move to top
        -:  379:  //Next player draws hand
    #####:  380:  for (k = 0; k < 5; k++){
    #####:  381:    drawCard(state->whoseTurn, state);//Draw a card
        -:  382:  }
        -:  383:
        -:  384:  //Update money
    #####:  385:  updateCoins(state->whoseTurn, state , 0);
        -:  386:
    #####:  387:  return 0;
        -:  388:}
        -:  389:
    #####:  390:int isGameOver(struct gameState *state) {
        -:  391:  int i;
        -:  392:  int j;
        -:  393:	
        -:  394:  //if stack of Province cards is empty, the game ends
    #####:  395:  if (state->supplyCount[province] == 0)
        -:  396:    {
    #####:  397:      return 1;
        -:  398:    }
        -:  399:
        -:  400:  //if three supply pile are at 0, the game ends
    #####:  401:  j = 0;
    #####:  402:  for (i = 0; i < 25; i++)
        -:  403:    {
    #####:  404:      if (state->supplyCount[i] == 0)
        -:  405:	{
    #####:  406:	  j++;
        -:  407:	}
        -:  408:    }
    #####:  409:  if ( j >= 3)
        -:  410:    {
    #####:  411:      return 1;
        -:  412:    }
        -:  413:
    #####:  414:  return 0;
        -:  415:}
        -:  416:
    #####:  417:int scoreFor (int player, struct gameState *state) {
        -:  418:
        -:  419:  int i;
    #####:  420:  int score = 0;
        -:  421:  //score from hand
    #####:  422:  for (i = 0; i < state->handCount[player]; i++)
        -:  423:    {
    #####:  424:      if (state->hand[player][i] == curse) { score = score - 1; };
    #####:  425:      if (state->hand[player][i] == estate) { score = score + 1; };
    #####:  426:      if (state->hand[player][i] == duchy) { score = score + 3; };
    #####:  427:      if (state->hand[player][i] == province) { score = score + 6; };
    #####:  428:      if (state->hand[player][i] == great_hall) { score = score + 1; };
    #####:  429:      if (state->hand[player][i] == gardens) { score = score + ( fullDeckCount(player, 0, state) / 10 ); };
        -:  430:    }
        -:  431:
        -:  432:  //score from discard
    #####:  433:  for (i = 0; i < state->discardCount[player]; i++)
        -:  434:    {
    #####:  435:      if (state->discard[player][i] == curse) { score = score - 1; };
    #####:  436:      if (state->discard[player][i] == estate) { score = score + 1; };
    #####:  437:      if (state->discard[player][i] == duchy) { score = score + 3; };
    #####:  438:      if (state->discard[player][i] == province) { score = score + 6; };
    #####:  439:      if (state->discard[player][i] == great_hall) { score = score + 1; };
    #####:  440:      if (state->discard[player][i] == gardens) { score = score + ( fullDeckCount(player, 0, state) / 10 ); };
        -:  441:    }
        -:  442:
        -:  443:  //score from deck
    #####:  444:  for (i = 0; i < state->discardCount[player]; i++)
        -:  445:    {
    #####:  446:      if (state->deck[player][i] == curse) { score = score - 1; };
    #####:  447:      if (state->deck[player][i] == estate) { score = score + 1; };
    #####:  448:      if (state->deck[player][i] == duchy) { score = score + 3; };
    #####:  449:      if (state->deck[player][i] == province) { score = score + 6; };
    #####:  450:      if (state->deck[player][i] == great_hall) { score = score + 1; };
    #####:  451:      if (state->deck[player][i] == gardens) { score = score + ( fullDeckCount(player, 0, state) / 10 ); };
        -:  452:    }
        -:  453:
    #####:  454:  return score;
        -:  455:}
        -:  456:
    #####:  457:int getWinners(int players[MAX_PLAYERS], struct gameState *state) {
        -:  458:  int i;	
        -:  459:  int j;
        -:  460:  int highScore;
        -:  461:  int currentPlayer;
        -:  462:
        -:  463:  //get score for each player
    #####:  464:  for (i = 0; i < MAX_PLAYERS; i++)
        -:  465:    {
        -:  466:      //set unused player scores to -9999
    #####:  467:      if (i >= state->numPlayers)
        -:  468:	{
    #####:  469:	  players[i] = -9999;
        -:  470:	}
        -:  471:      else
        -:  472:	{
    #####:  473:	  players[i] = scoreFor (i, state);
        -:  474:	}
        -:  475:    }
        -:  476:
        -:  477:  //find highest score
    #####:  478:  j = 0;
    #####:  479:  for (i = 0; i < MAX_PLAYERS; i++)
        -:  480:    {
    #####:  481:      if (players[i] > players[j])
        -:  482:	{
    #####:  483:	  j = i;
        -:  484:	}
        -:  485:    }
    #####:  486:  highScore = players[j];
        -:  487:
        -:  488:  //add 1 to players who had less turns
    #####:  489:  currentPlayer = whoseTurn(state);
    #####:  490:  for (i = 0; i < MAX_PLAYERS; i++)
        -:  491:    {
    #####:  492:      if ( players[i] == highScore && i > currentPlayer )
        -:  493:	{
    #####:  494:	  players[i]++;
        -:  495:	}
        -:  496:    }
        -:  497:
        -:  498:  //find new highest score
    #####:  499:  j = 0;
    #####:  500:  for (i = 0; i < MAX_PLAYERS; i++)
        -:  501:    {
    #####:  502:      if ( players[i] > players[j] )
        -:  503:	{
    #####:  504:	  j = i;
        -:  505:	}
        -:  506:    }
    #####:  507:  highScore = players[j];
        -:  508:
        -:  509:  //set winners in array to 1 and rest to 0
    #####:  510:  for (i = 0; i < MAX_PLAYERS; i++)
        -:  511:    {
    #####:  512:      if ( players[i] == highScore )
        -:  513:	{
    #####:  514:	  players[i] = 1;
        -:  515:	}
        -:  516:      else
        -:  517:	{
    #####:  518:	  players[i] = 0;
        -:  519:	}
        -:  520:    }
        -:  521:
    #####:  522:  return 0;
        -:  523:}
        -:  524:
      226:  525:int drawCard(int player, struct gameState *state)
        -:  526:{	int count;
        -:  527:  int deckCounter;
      226:  528:  if (state->deckCount[player] <= 0){//Deck is empty
        -:  529:    
        -:  530:    //Step 1 Shuffle the discard pile back into a deck
        -:  531:    int i;
        -:  532:    //Move discard to deck
    #####:  533:    for (i = 0; i < state->discardCount[player];i++){
    #####:  534:      state->deck[player][i] = state->discard[player][i];
    #####:  535:      state->discard[player][i] = -1;
        -:  536:    }
        -:  537:
    #####:  538:    state->deckCount[player] = state->discardCount[player];
    #####:  539:    state->discardCount[player] = 0;//Reset discard
        -:  540:
        -:  541:    //Shufffle the deck
    #####:  542:    shuffle(player, state);//Shuffle the deck up and make it so that we can draw
        -:  543:   
        -:  544:    if (DEBUG){//Debug statements
        -:  545:      printf("Deck count now: %d\n", state->deckCount[player]);
        -:  546:    }
        -:  547:    
    #####:  548:    state->discardCount[player] = 0;
        -:  549:
        -:  550:    //Step 2 Draw Card
    #####:  551:    count = state->handCount[player];//Get current player's hand count
        -:  552:    
        -:  553:    if (DEBUG){//Debug statements
        -:  554:      printf("Current hand count: %d\n", count);
        -:  555:    }
        -:  556:    
    #####:  557:    deckCounter = state->deckCount[player];//Create a holder for the deck count
        -:  558:
    #####:  559:    if (deckCounter == 0)
    #####:  560:      return -1;
        -:  561:
    #####:  562:    state->hand[player][count] = state->deck[player][deckCounter - 1];//Add card to hand
    #####:  563:    state->deckCount[player]--;
    #####:  564:    state->handCount[player]++;//Increment hand count
        -:  565:  }
        -:  566:
        -:  567:  else{
      226:  568:    int count = state->handCount[player];//Get current hand count for player
        -:  569:    int deckCounter;
        -:  570:    if (DEBUG){//Debug statements
        -:  571:      printf("Current hand count: %d\n", count);
        -:  572:    }
        -:  573:
      226:  574:    deckCounter = state->deckCount[player];//Create holder for the deck count
      226:  575:    state->hand[player][count] = state->deck[player][deckCounter - 1];//Add card to the hand
      226:  576:    state->deckCount[player]--;
      226:  577:    state->handCount[player]++;//Increment hand count
        -:  578:  }
        -:  579:
      226:  580:  return 0;
        -:  581:}
        -:  582:
    #####:  583:int getCost(int cardNumber)
        -:  584:{
    #####:  585:  switch( cardNumber ) 
        -:  586:    {
        -:  587:    case curse:
    #####:  588:      return 0;
        -:  589:    case estate:
    #####:  590:      return 2;
        -:  591:    case duchy:
    #####:  592:      return 5;
        -:  593:    case province:
    #####:  594:      return 8;
        -:  595:    case copper:
    #####:  596:      return 0;
        -:  597:    case silver:
    #####:  598:      return 3;
        -:  599:    case gold:
    #####:  600:      return 6;
        -:  601:    case adventurer:
    #####:  602:      return 6;
        -:  603:    case council_room:
    #####:  604:      return 5;
        -:  605:    case feast:
    #####:  606:      return 4;
        -:  607:    case gardens:
    #####:  608:      return 4;
        -:  609:    case mine:
    #####:  610:      return 5;
        -:  611:    case remodel:
    #####:  612:      return 4;
        -:  613:    case smithy:
    #####:  614:      return 4;
        -:  615:    case village:
    #####:  616:      return 3;
        -:  617:    case baron:
    #####:  618:      return 4;
        -:  619:    case great_hall:
    #####:  620:      return 3;
        -:  621:    case minion:
    #####:  622:      return 5;
        -:  623:    case steward:
    #####:  624:      return 3;
        -:  625:    case tribute:
    #####:  626:      return 5;
        -:  627:    case ambassador:
    #####:  628:      return 3;
        -:  629:    case cutpurse:
    #####:  630:      return 4;
        -:  631:    case embargo: 
    #####:  632:      return 2;
        -:  633:    case outpost:
    #####:  634:      return 5;
        -:  635:    case salvager:
    #####:  636:      return 4;
        -:  637:    case sea_hag:
    #####:  638:      return 4;
        -:  639:    case treasure_map:
    #####:  640:      return 4;
        -:  641:    }
        -:  642:	
    #####:  643:  return -1;
        -:  644:}
        -:  645:
       18:  646:int cardEffect(int card, int choice1, int choice2, int choice3, struct gameState *state, int handPos, int *bonus)
        -:  647:{
        -:  648:  int i;
        -:  649:  int j;
        -:  650:  int k;
        -:  651:  int x;
        -:  652:  int index;
       18:  653:  int currentPlayer = whoseTurn(state);
       18:  654:  int nextPlayer = currentPlayer + 1;
        -:  655:
       18:  656:  int tributeRevealedCards[2] = {-1, -1};
        -:  657:  int temphand[MAX_HAND];// moved above the if statement
       18:  658:  if (nextPlayer > (state->numPlayers - 1)){
    #####:  659:    nextPlayer = 0;
        -:  660:  }
        -:  661:  
        -:  662:	
        -:  663:  //uses switch to select card and perform actions
       18:  664:  switch( card ) 
        -:  665:    {
        -:  666:    case adventurer:
       18:  667:      adventurer_fxn(state, currentPlayer, temphand);
       18:  668:      return 0;
        -:  669:			
        -:  670:    case council_room:
    #####:  671:	council_room_fxn(state, handPos, currentPlayer);
    #####:  672:	return 0;
        -:  673:
        -:  674:    case feast:
        -:  675:      //gain card with cost up to 5
        -:  676:      //Backup hand
    #####:  677:      for (i = 0; i <= state->handCount[currentPlayer]; i++){
    #####:  678:	temphand[i] = state->hand[currentPlayer][i];//Backup card
    #####:  679:	state->hand[currentPlayer][i] = -1;//Set to nothing
        -:  680:      }
        -:  681:      //Backup hand
        -:  682:
        -:  683:      //Update Coins for Buy
    #####:  684:      updateCoins(currentPlayer, state, 5);
    #####:  685:      x = 1;//Condition to loop on
    #####:  686:      while( x == 1) {//Buy one card
    #####:  687:	if (supplyCount(choice1, state) <= 0){
        -:  688:	  if (DEBUG)
        -:  689:	    printf("None of that card left, sorry!\n");
        -:  690:
        -:  691:	  if (DEBUG){
        -:  692:	    printf("Cards Left: %d\n", supplyCount(choice1, state));
        -:  693:	  }
        -:  694:	}
    #####:  695:	else if (state->coins < getCost(choice1)){
    #####:  696:	  printf("That card is too expensive!\n");
        -:  697:
        -:  698:	  if (DEBUG){
        -:  699:	    printf("Coins: %d < %d\n", state->coins, getCost(choice1));
        -:  700:	  }
        -:  701:	}
        -:  702:	else{
        -:  703:
        -:  704:	  if (DEBUG){
        -:  705:	    printf("Deck Count: %d\n", state->handCount[currentPlayer] + state->deckCount[currentPlayer] + state->discardCount[currentPlayer]);
        -:  706:	  }
        -:  707:
    #####:  708:	  gainCard(choice1, state, 0, currentPlayer);//Gain the card
    #####:  709:	  x = 0;//No more buying cards
        -:  710:
        -:  711:	  if (DEBUG){
        -:  712:	    printf("Deck Count: %d\n", state->handCount[currentPlayer] + state->deckCount[currentPlayer] + state->discardCount[currentPlayer]);
        -:  713:	  }
        -:  714:
        -:  715:	}
        -:  716:      }     
        -:  717:
        -:  718:      //Reset Hand
    #####:  719:      for (i = 0; i <= state->handCount[currentPlayer]; i++){
    #####:  720:	state->hand[currentPlayer][i] = temphand[i];
    #####:  721:	temphand[i] = -1;
        -:  722:      }
        -:  723:      //Reset Hand
        -:  724:      			
    #####:  725:      return 0;
        -:  726:			
        -:  727:    case gardens:
    #####:  728:      return -1;
        -:  729:			
        -:  730:    case mine:
    #####:  731:      j = state->hand[currentPlayer][choice1];  //store card we will trash
        -:  732:
    #####:  733:      if (state->hand[currentPlayer][choice1] < copper || state->hand[currentPlayer][choice1] > gold)
        -:  734:	{
    #####:  735:	  return -1;
        -:  736:	}
        -:  737:		
    #####:  738:      if (choice2 > treasure_map || choice2 < curse)
        -:  739:	{
    #####:  740:	  return -1;
        -:  741:	}
        -:  742:
    #####:  743:      if ( (getCost(state->hand[currentPlayer][choice1]) + 3) > getCost(choice2) )
        -:  744:	{
    #####:  745:	  return -1;
        -:  746:	}
        -:  747:
    #####:  748:      gainCard(choice2, state, 2, currentPlayer);
        -:  749:
        -:  750:      //discard card from hand
    #####:  751:      discardCard(handPos, currentPlayer, state, 0);
        -:  752:
        -:  753:      //discard trashed card
    #####:  754:      for (i = 0; i < state->handCount[currentPlayer]; i++)
        -:  755:	{
    #####:  756:	  if (state->hand[currentPlayer][i] == j)
        -:  757:	    {
    #####:  758:	      discardCard(i, currentPlayer, state, 0);			
    #####:  759:	      break;
        -:  760:	    }
        -:  761:	}
        -:  762:			
    #####:  763:      return 0;
        -:  764:			
        -:  765:    case remodel:
    #####:  766:      j = state->hand[currentPlayer][choice1];  //store card we will trash
        -:  767:
    #####:  768:      if ( (getCost(state->hand[currentPlayer][choice1]) + 2) > getCost(choice2) )
        -:  769:	{
    #####:  770:	  return -1;
        -:  771:	}
        -:  772:
    #####:  773:      gainCard(choice2, state, 0, currentPlayer);
        -:  774:
        -:  775:      //discard card from hand
    #####:  776:      discardCard(handPos, currentPlayer, state, 0);
        -:  777:
        -:  778:      //discard trashed card
    #####:  779:      for (i = 0; i < state->handCount[currentPlayer]; i++)
        -:  780:	{
    #####:  781:	  if (state->hand[currentPlayer][i] == j)
        -:  782:	    {
    #####:  783:	      discardCard(i, currentPlayer, state, 0);			
    #####:  784:	      break;
        -:  785:	    }
        -:  786:	}
        -:  787:
        -:  788:
    #####:  789:      return 0;
        -:  790:		
        -:  791:    case smithy:
    #####:  792:      smithy_fxn(state, handPos, currentPlayer);
    #####:  793:      return 0;
        -:  794:		
        -:  795:    case village:
    #####:  796:      village_fxn(state, handPos, currentPlayer);
    #####:  797:      return 0;
        -:  798:
        -:  799:    case baron:
    #####:  800:      state->numBuys++;//Increase buys by 1!
    #####:  801:      if (choice1 > 0){//Boolean true or going to discard an estate
    #####:  802:	int p = 0;//Iterator for hand!
    #####:  803:	int card_not_discarded = 1;//Flag for discard set!
    #####:  804:	while(card_not_discarded){
    #####:  805:	  if (state->hand[currentPlayer][p] == estate){//Found an estate card!
    #####:  806:	    state->coins += 4;//Add 4 coins to the amount of coins
    #####:  807:	    state->discard[currentPlayer][state->discardCount[currentPlayer]] = state->hand[currentPlayer][p];
    #####:  808:	    state->discardCount[currentPlayer]++;
    #####:  809:	    for (;p < state->handCount[currentPlayer]; p++){
    #####:  810:	      state->hand[currentPlayer][p] = state->hand[currentPlayer][p+1];
        -:  811:	    }
    #####:  812:	    state->hand[currentPlayer][state->handCount[currentPlayer]] = -1;
    #####:  813:	    state->handCount[currentPlayer]--;
    #####:  814:	    card_not_discarded = 0;//Exit the loop
        -:  815:	  }
    #####:  816:	  else if (p > state->handCount[currentPlayer]){
        -:  817:	    if(DEBUG) {
        -:  818:	      printf("No estate cards in your hand, invalid choice\n");
        -:  819:	      printf("Must gain an estate if there are any\n");
        -:  820:	    }
    #####:  821:	    if (supplyCount(estate, state) > 0){
    #####:  822:	      gainCard(estate, state, 0, currentPlayer);
    #####:  823:	      state->supplyCount[estate]--;//Decrement estates
    #####:  824:	      if (supplyCount(estate, state) == 0){
    #####:  825:		isGameOver(state);
        -:  826:	      }
        -:  827:	    }
    #####:  828:	    card_not_discarded = 0;//Exit the loop
        -:  829:	  }
        -:  830:			    
        -:  831:	  else{
    #####:  832:	    p++;//Next card
        -:  833:	  }
        -:  834:	}
        -:  835:      }
        -:  836:			    
        -:  837:      else{
    #####:  838:	if (supplyCount(estate, state) > 0){
    #####:  839:	  gainCard(estate, state, 0, currentPlayer);//Gain an estate
    #####:  840:	  state->supplyCount[estate]--;//Decrement Estates
    #####:  841:	  if (supplyCount(estate, state) == 0){
    #####:  842:	    isGameOver(state);
        -:  843:	  }
        -:  844:	}
        -:  845:      }
        -:  846:	    
        -:  847:      
    #####:  848:      return 0;
        -:  849:		
        -:  850:    case great_hall:
    #####:  851:	great_hall_fxn(state, handPos, currentPlayer);
    #####:  852:	return 0;
        -:  853:
        -:  854:    case minion:
        -:  855:      //+1 action
    #####:  856:      state->numActions++;
        -:  857:			
        -:  858:      //discard card from hand
    #####:  859:      discardCard(handPos, currentPlayer, state, 0);
        -:  860:			
    #####:  861:      if (choice1)		//+2 coins
        -:  862:	{
    #####:  863:	  state->coins = state->coins + 2;
        -:  864:	}
        -:  865:			
    #####:  866:      else if (choice2)		//discard hand, redraw 4, other players with 5+ cards discard hand and draw 4
        -:  867:	{
        -:  868:	  //discard hand
    #####:  869:	  while(numHandCards(state) > 0)
        -:  870:	    {
    #####:  871:	      discardCard(handPos, currentPlayer, state, 0);
        -:  872:	    }
        -:  873:				
        -:  874:	  //draw 4
    #####:  875:	  for (i = 0; i < 4; i++)
        -:  876:	    {
    #####:  877:	      drawCard(currentPlayer, state);
        -:  878:	    }
        -:  879:				
        -:  880:	  //other players discard hand and redraw if hand size > 4
    #####:  881:	  for (i = 0; i < state->numPlayers; i++)
        -:  882:	    {
    #####:  883:	      if (i != currentPlayer)
        -:  884:		{
    #####:  885:		  if ( state->handCount[i] > 4 )
        -:  886:		    {
        -:  887:		      //discard hand
    #####:  888:		      while( state->handCount[i] > 0 )
        -:  889:			{
    #####:  890:			  discardCard(handPos, i, state, 0);
        -:  891:			}
        -:  892:							
        -:  893:		      //draw 4
    #####:  894:		      for (j = 0; j < 4; j++)
        -:  895:			{
    #####:  896:			  drawCard(i, state);
        -:  897:			}
        -:  898:		    }
        -:  899:		}
        -:  900:	    }
        -:  901:				
        -:  902:	}
    #####:  903:      return 0;
        -:  904:		
        -:  905:    case steward:
    #####:  906:      if (choice1 == 1)
        -:  907:	{
        -:  908:	  //+2 cards
    #####:  909:	  drawCard(currentPlayer, state);
    #####:  910:	  drawCard(currentPlayer, state);
        -:  911:	}
    #####:  912:      else if (choice1 == 2)
        -:  913:	{
        -:  914:	  //+2 coins
    #####:  915:	  state->coins = state->coins + 2;
        -:  916:	}
        -:  917:      else
        -:  918:	{
        -:  919:	  //trash 2 cards in hand
    #####:  920:	  discardCard(choice2, currentPlayer, state, 1);
    #####:  921:	  discardCard(choice3, currentPlayer, state, 1);
        -:  922:	}
        -:  923:			
        -:  924:      //discard card from hand
    #####:  925:      discardCard(handPos, currentPlayer, state, 0);
    #####:  926:      return 0;
        -:  927:		
        -:  928:    case tribute:
    #####:  929:      if ((state->discardCount[nextPlayer] + state->deckCount[nextPlayer]) <= 1){
    #####:  930:	if (state->deckCount[nextPlayer] > 0){
    #####:  931:	  tributeRevealedCards[0] = state->deck[nextPlayer][state->deckCount[nextPlayer]-1];
    #####:  932:	  state->deckCount[nextPlayer]--;
        -:  933:	}
    #####:  934:	else if (state->discardCount[nextPlayer] > 0){
    #####:  935:	  tributeRevealedCards[0] = state->discard[nextPlayer][state->discardCount[nextPlayer]-1];
    #####:  936:	  state->discardCount[nextPlayer]--;
        -:  937:	}
        -:  938:	else{
        -:  939:	  //No Card to Reveal
        -:  940:	  if (DEBUG){
        -:  941:	    printf("No cards to reveal\n");
        -:  942:	  }
        -:  943:	}
        -:  944:      }
        -:  945:	    
        -:  946:      else{
    #####:  947:	if (state->deckCount[nextPlayer] == 0){
    #####:  948:	  for (i = 0; i < state->discardCount[nextPlayer]; i++){
    #####:  949:	    state->deck[nextPlayer][i] = state->discard[nextPlayer][i];//Move to deck
    #####:  950:	    state->deckCount[nextPlayer]++;
    #####:  951:	    state->discard[nextPlayer][i] = -1;
    #####:  952:	    state->discardCount[nextPlayer]--;
        -:  953:	  }
        -:  954:			    
    #####:  955:	  shuffle(nextPlayer,state);//Shuffle the deck
        -:  956:	} 
    #####:  957:	tributeRevealedCards[0] = state->deck[nextPlayer][state->deckCount[nextPlayer]-1];
    #####:  958:	state->deck[nextPlayer][state->deckCount[nextPlayer]--] = -1;
    #####:  959:	state->deckCount[nextPlayer]--;
    #####:  960:	tributeRevealedCards[1] = state->deck[nextPlayer][state->deckCount[nextPlayer]-1];
    #####:  961:	state->deck[nextPlayer][state->deckCount[nextPlayer]--] = -1;
    #####:  962:	state->deckCount[nextPlayer]--;
        -:  963:      }    
        -:  964:		       
    #####:  965:      if (tributeRevealedCards[0] == tributeRevealedCards[1]){//If we have a duplicate card, just drop one 
    #####:  966:	state->playedCards[state->playedCardCount] = tributeRevealedCards[1];
    #####:  967:	state->playedCardCount++;
    #####:  968:	tributeRevealedCards[1] = -1;
        -:  969:      }
        -:  970:
    #####:  971:      for (i = 0; i <= 2; i ++){
    #####:  972:	if (tributeRevealedCards[i] == copper || tributeRevealedCards[i] == silver || tributeRevealedCards[i] == gold){//Treasure cards
    #####:  973:	  state->coins += 2;
        -:  974:	}
        -:  975:		    
    #####:  976:	else if (tributeRevealedCards[i] == estate || tributeRevealedCards[i] == duchy || tributeRevealedCards[i] == province || tributeRevealedCards[i] == gardens || tributeRevealedCards[i] == great_hall){//Victory Card Found
    #####:  977:	  drawCard(currentPlayer, state);
    #####:  978:	  drawCard(currentPlayer, state);
        -:  979:	}
        -:  980:	else{//Action Card
    #####:  981:	  state->numActions = state->numActions + 2;
        -:  982:	}
        -:  983:      }
        -:  984:	    
    #####:  985:      return 0;
        -:  986:		
        -:  987:    case ambassador:
    #####:  988:      j = 0;		//used to check if player has enough cards to discard
        -:  989:
    #####:  990:      if (choice2 > 2 || choice2 < 0)
        -:  991:	{
    #####:  992:	  return -1;				
        -:  993:	}
        -:  994:
    #####:  995:      if (choice1 == handPos)
        -:  996:	{
    #####:  997:	  return -1;
        -:  998:	}
        -:  999:
    #####: 1000:      for (i = 0; i < state->handCount[currentPlayer]; i++)
        -: 1001:	{
    #####: 1002:	  if (i != handPos && i == state->hand[currentPlayer][choice1] && i != choice1)
        -: 1003:	    {
    #####: 1004:	      j++;
        -: 1005:	    }
        -: 1006:	}
    #####: 1007:      if (j < choice2)
        -: 1008:	{
    #####: 1009:	  return -1;				
        -: 1010:	}
        -: 1011:
        -: 1012:      if (DEBUG) 
        -: 1013:	printf("Player %d reveals card number: %d\n", currentPlayer, state->hand[currentPlayer][choice1]);
        -: 1014:
        -: 1015:      //increase supply count for choosen card by amount being discarded
    #####: 1016:      state->supplyCount[state->hand[currentPlayer][choice1]] += choice2;
        -: 1017:			
        -: 1018:      //each other player gains a copy of revealed card
    #####: 1019:      for (i = 0; i < state->numPlayers; i++)
        -: 1020:	{
    #####: 1021:	  if (i != currentPlayer)
        -: 1022:	    {
    #####: 1023:	      gainCard(state->hand[currentPlayer][choice1], state, 0, i);
        -: 1024:	    }
        -: 1025:	}
        -: 1026:
        -: 1027:      //discard played card from hand
    #####: 1028:      discardCard(handPos, currentPlayer, state, 0);			
        -: 1029:
        -: 1030:      //trash copies of cards returned to supply
    #####: 1031:      for (j = 0; j < choice2; j++)
        -: 1032:	{
    #####: 1033:	  for (i = 0; i < state->handCount[currentPlayer]; i++)
        -: 1034:	    {
    #####: 1035:	      if (state->hand[currentPlayer][i] == state->hand[currentPlayer][choice1])
        -: 1036:		{
    #####: 1037:		  discardCard(i, currentPlayer, state, 1);
    #####: 1038:		  break;
        -: 1039:		}
        -: 1040:	    }
        -: 1041:	}			
        -: 1042:
    #####: 1043:      return 0;
        -: 1044:		
        -: 1045:    case cutpurse:
        -: 1046:
    #####: 1047:      updateCoins(currentPlayer, state, 2);
    #####: 1048:      for (i = 0; i < state->numPlayers; i++)
        -: 1049:	{
    #####: 1050:	  if (i != currentPlayer)
        -: 1051:	    {
    #####: 1052:	      for (j = 0; j < state->handCount[i]; j++)
        -: 1053:		{
    #####: 1054:		  if (state->hand[i][j] == copper)
        -: 1055:		    {
    #####: 1056:		      discardCard(j, i, state, 0);
    #####: 1057:		      break;
        -: 1058:		    }
    #####: 1059:		  if (j == state->handCount[i])
        -: 1060:		    {
    #####: 1061:		      for (k = 0; k < state->handCount[i]; k++)
        -: 1062:			{
        -: 1063:			  if (DEBUG)
        -: 1064:			    printf("Player %d reveals card number %d\n", i, state->hand[i][k]);
        -: 1065:			}	
    #####: 1066:		      break;
        -: 1067:		    }		
        -: 1068:		}
        -: 1069:					
        -: 1070:	    }
        -: 1071:				
        -: 1072:	}				
        -: 1073:
        -: 1074:      //discard played card from hand
    #####: 1075:      discardCard(handPos, currentPlayer, state, 0);			
        -: 1076:
    #####: 1077:      return 0;
        -: 1078:
        -: 1079:		
        -: 1080:    case embargo: 
        -: 1081:      //+2 Coins
    #####: 1082:      state->coins = state->coins + 2;
        -: 1083:			
        -: 1084:      //see if selected pile is in play
    #####: 1085:      if ( state->supplyCount[choice1] == -1 )
        -: 1086:	{
    #####: 1087:	  return -1;
        -: 1088:	}
        -: 1089:			
        -: 1090:      //add embargo token to selected supply pile
    #####: 1091:      state->embargoTokens[choice1]++;
        -: 1092:			
        -: 1093:      //trash card
    #####: 1094:      discardCard(handPos, currentPlayer, state, 1);		
    #####: 1095:      return 0;
        -: 1096:		
        -: 1097:    case outpost:
        -: 1098:      //set outpost flag
    #####: 1099:      state->outpostPlayed++;
        -: 1100:			
        -: 1101:      //discard card
    #####: 1102:      discardCard(handPos, currentPlayer, state, 0);
    #####: 1103:      return 0;
        -: 1104:		
        -: 1105:    case salvager:
        -: 1106:      //+1 buy
    #####: 1107:      state->numBuys++;
        -: 1108:			
    #####: 1109:      if (choice1)
        -: 1110:	{
        -: 1111:	  //gain coins equal to trashed card
    #####: 1112:	  state->coins = state->coins + getCost( handCard(choice1, state) );
        -: 1113:	  //trash card
    #####: 1114:	  discardCard(choice1, currentPlayer, state, 1);	
        -: 1115:	}
        -: 1116:			
        -: 1117:      //discard card
    #####: 1118:      discardCard(handPos, currentPlayer, state, 0);
    #####: 1119:      return 0;
        -: 1120:		
        -: 1121:    case sea_hag:
    #####: 1122:      for (i = 0; i < state->numPlayers; i++){
    #####: 1123:	if (i != currentPlayer){
    #####: 1124:	  state->discard[i][state->discardCount[i]] = state->deck[i][state->deckCount[i]--];			    state->deckCount[i]--;
    #####: 1125:	  state->discardCount[i]++;
    #####: 1126:	  state->deck[i][state->deckCount[i]--] = curse;//Top card now a curse
        -: 1127:	}
        -: 1128:      }
    #####: 1129:      return 0;
        -: 1130:		
        -: 1131:    case treasure_map:
        -: 1132:      //search hand for another treasure_map
    #####: 1133:      index = -1;
    #####: 1134:      for (i = 0; i < state->handCount[currentPlayer]; i++)
        -: 1135:	{
    #####: 1136:	  if (state->hand[currentPlayer][i] == treasure_map && i != handPos)
        -: 1137:	    {
    #####: 1138:	      index = i;
    #####: 1139:	      break;
        -: 1140:	    }
        -: 1141:	}
    #####: 1142:      if (index > -1)
        -: 1143:	{
        -: 1144:	  //trash both treasure cards
    #####: 1145:	  discardCard(handPos, currentPlayer, state, 1);
    #####: 1146:	  discardCard(index, currentPlayer, state, 1);
        -: 1147:
        -: 1148:	  //gain 4 Gold cards
    #####: 1149:	  for (i = 0; i < 4; i++)
        -: 1150:	    {
    #####: 1151:	      gainCard(gold, state, 1, currentPlayer);
        -: 1152:	    }
        -: 1153:				
        -: 1154:	  //return success
    #####: 1155:	  return 1;
        -: 1156:	}
        -: 1157:			
        -: 1158:      //no second treasure_map found in hand
    #####: 1159:      return -1;
        -: 1160:    }
        -: 1161:	
    #####: 1162:  return -1;
        -: 1163:}
        -: 1164:
    #####: 1165:void smithy_fxn(struct gameState *state, int handPos, int currentPlayer) {
        -: 1166:      //+3 Cards
        -: 1167:      int i;
    #####: 1168:      for (i = 0; i <= 3; i++)
        -: 1169:	{
    #####: 1170:	  drawCard(currentPlayer, state);
        -: 1171:	}
        -: 1172:			
        -: 1173:      //discard card from hand
    #####: 1174:      discardCard(handPos, currentPlayer, state, 0);
    #####: 1175:}
        -: 1176:
       18: 1177:void adventurer_fxn(struct gameState *state, int currentPlayer, int temphand[]) {
       18: 1178:      int drawntreasure=0;
        -: 1179:      int cardDrawn;
       18: 1180:      int z = 1;// this is the counter for the temp hand
       72: 1181:      while(drawntreasure<2){
       36: 1182:	if (state->deckCount[currentPlayer] <1){//if the deck is empty we need to shuffle discard and add to deck
    #####: 1183:	  shuffle(currentPlayer, state);
        -: 1184:	}
       36: 1185:	drawCard(currentPlayer, state);
       36: 1186:	cardDrawn = state->hand[currentPlayer][state->handCount[currentPlayer]-1];//top card of hand is most recently drawn card.
       36: 1187:	if (cardDrawn == copper || cardDrawn == silver || cardDrawn == gold)
       36: 1188:	  drawntreasure++;
        -: 1189:	else{
    #####: 1190:	  temphand[z]=cardDrawn;
    #####: 1191:	  state->handCount[currentPlayer]--; //this should just remove the top card (the most recently drawn one).
    #####: 1192:	  z++;
        -: 1193:	}
        -: 1194:      }
       36: 1195:      while(z-1>0){
    #####: 1196:	state->discard[currentPlayer][state->discardCount[currentPlayer]++]=temphand[z-1]; // discard all cards in play that have been drawn
    #####: 1197:	z=z-1;
        -: 1198:      }
       18: 1199:}
        -: 1200:
    #####: 1201:void village_fxn(struct gameState *state, int handPos, int currentPlayer) {
        -: 1202:      //+1 Card
    #####: 1203:      drawCard(currentPlayer, state);
        -: 1204:			
        -: 1205:      //+2 Actions
    #####: 1206:      state->numActions = state->numActions + 1;
        -: 1207:			
        -: 1208:      //discard played card from hand
    #####: 1209:      discardCard(handPos, currentPlayer, state, 0);
    #####: 1210:}
        -: 1211:
    #####: 1212:void council_room_fxn(struct gameState *state, int handPos, int currentPlayer) {
        -: 1213:      //+4 Cards
        -: 1214:      int i;
    #####: 1215:      for (i = 0; i < 4; i++)
        -: 1216:	{
    #####: 1217:	  drawCard(currentPlayer, state);
        -: 1218:	}
        -: 1219:			
        -: 1220:      //+1 Buy
    #####: 1221:      state->numBuys++;
        -: 1222:			
        -: 1223:      //Each other player draws a card
    #####: 1224:      for (i = 0; i < state->numPlayers; i++)
        -: 1225:	{
    #####: 1226:	  if ( i == currentPlayer )
        -: 1227:	    {
    #####: 1228:	      drawCard(i, state);
        -: 1229:	    }
        -: 1230:	}
        -: 1231:			
        -: 1232:      //put played card in played card pile
    #####: 1233:      discardCard(handPos, currentPlayer, state, 0);
    #####: 1234:}
        -: 1235:
    #####: 1236:void great_hall_fxn(struct gameState *state, int handPos, int currentPlayer) {
        -: 1237:      //+1 Card
    #####: 1238:      drawCard(currentPlayer, state);
        -: 1239:			
        -: 1240:      //+1 Actions
    #####: 1241:      state->numActions++;
        -: 1242:			
        -: 1243:      //discard card from hand
    #####: 1244:      discardCard(handPos, currentPlayer, state, 0);
    #####: 1245:}
        -: 1246:
    #####: 1247:int discardCard(int handPos, int currentPlayer, struct gameState *state, int trashFlag)
        -: 1248:{
        -: 1249:	
        -: 1250:  //if card is not trashed, added to Played pile 
    #####: 1251:  if (trashFlag < 1)
        -: 1252:    {
        -: 1253:      //add card to played pile
    #####: 1254:      state->playedCards[state->playedCardCount] = state->hand[currentPlayer][handPos]; 
    #####: 1255:      state->playedCardCount++;
        -: 1256:    }
        -: 1257:	
        -: 1258:  //set played card to -1
    #####: 1259:  state->hand[currentPlayer][handPos] = -1;
        -: 1260:	
        -: 1261:  //remove card from player's hand
    #####: 1262:  if ( handPos == (state->handCount[currentPlayer] - 1) ) 	//last card in hand array is played
        -: 1263:    {
        -: 1264:      //reduce number of cards in hand
    #####: 1265:      state->handCount[currentPlayer]--;
        -: 1266:    }
    #####: 1267:  else if ( state->handCount[currentPlayer] == 1 ) //only one card in hand
        -: 1268:    {
        -: 1269:      //reduce number of cards in hand
    #####: 1270:      state->handCount[currentPlayer]--;
        -: 1271:    }
        -: 1272:  else 	
        -: 1273:    {
        -: 1274:      //replace discarded card with last card in hand
    #####: 1275:      state->hand[currentPlayer][handPos] = state->hand[currentPlayer][ (state->handCount[currentPlayer] - 1)];
        -: 1276:      //set last card to -1
    #####: 1277:      state->hand[currentPlayer][state->handCount[currentPlayer] - 1] = -1;
        -: 1278:      //reduce number of cards in hand
    #####: 1279:      state->handCount[currentPlayer]--;
        -: 1280:    }
        -: 1281:	
    #####: 1282:  return 0;
        -: 1283:}
        -: 1284:
    #####: 1285:int gainCard(int supplyPos, struct gameState *state, int toFlag, int player)
        -: 1286:{
        -: 1287:  //Note: supplyPos is enum of choosen card
        -: 1288:	
        -: 1289:  //check if supply pile is empty (0) or card is not used in game (-1)
    #####: 1290:  if ( supplyCount(supplyPos, state) < 1 )
        -: 1291:    {
    #####: 1292:      return -1;
        -: 1293:    }
        -: 1294:	
        -: 1295:  //added card for [whoseTurn] current player:
        -: 1296:  // toFlag = 0 : add to discard
        -: 1297:  // toFlag = 1 : add to deck
        -: 1298:  // toFlag = 2 : add to hand
        -: 1299:
    #####: 1300:  if (toFlag == 1)
        -: 1301:    {
    #####: 1302:      state->deck[ player ][ state->deckCount[player] ] = supplyPos;
    #####: 1303:      state->deckCount[player]++;
        -: 1304:    }
    #####: 1305:  else if (toFlag == 2)
        -: 1306:    {
    #####: 1307:      state->hand[ player ][ state->handCount[player] ] = supplyPos;
    #####: 1308:      state->handCount[player]++;
        -: 1309:    }
        -: 1310:  else
        -: 1311:    {
    #####: 1312:      state->discard[player][ state->discardCount[player] ] = supplyPos;
    #####: 1313:      state->discardCount[player]++;
        -: 1314:    }
        -: 1315:	
        -: 1316:  //decrease number in supply pile
    #####: 1317:  state->supplyCount[supplyPos]--;
        -: 1318:	 
    #####: 1319:  return 0;
        -: 1320:}
        -: 1321:
       38: 1322:int updateCoins(int player, struct gameState *state, int bonus)
        -: 1323:{
        -: 1324:  int i;
        -: 1325:	
        -: 1326:  //reset coin count
       38: 1327:  state->coins = 0;
        -: 1328:
        -: 1329:  //add coins for each Treasure card in player's hand
      228: 1330:  for (i = 0; i < state->handCount[player]; i++)
        -: 1331:    {
      190: 1332:      if (state->hand[player][i] == copper)
        -: 1333:	{
      152: 1334:	  state->coins += 1;
        -: 1335:	}
       38: 1336:      else if (state->hand[player][i] == silver)
        -: 1337:	{
    #####: 1338:	  state->coins += 2;
        -: 1339:	}
       38: 1340:      else if (state->hand[player][i] == gold)
        -: 1341:	{
    #####: 1342:	  state->coins += 3;
        -: 1343:	}	
        -: 1344:    }	
        -: 1345:
        -: 1346:  //add bonus
       38: 1347:  state->coins += bonus;
        -: 1348:
       38: 1349:  return 0;
        -: 1350:}
        -: 1351:
        -: 1352:
        -: 1353://end of dominion.c
        -: 1354:
